[07авг.2025 01:54:54.953] [main/INFO] [cpw.mods.modlauncher.Launcher/MODLAUNCHER]: ModLauncher running: args [--launchTarget, forgeclientuserdev, --version, MOD_DEV, --assetIndex, 5, --assetsDir, C:\Users\Kit\.mcreator\gradle\caches\forge_gradle\assets, --gameDir, ., --fml.forgeVersion, 47.2.0, --fml.mcVersion, 1.20.1, --fml.forgeGroup, net.minecraftforge, --fml.mcpVersion, 20230612.114412]
[07авг.2025 01:54:54.956] [main/INFO] [cpw.mods.modlauncher.Launcher/MODLAUNCHER]: ModLauncher 10.0.9+10.0.9+main.dcd20f30 starting: java version 17.0.16 by Eclipse Adoptium; OS Windows 10 arch amd64 version 10.0
[07авг.2025 01:54:55.077] [main/INFO] [net.minecraftforge.fml.loading.ImmediateWindowHandler/]: Loading ImmediateWindowProvider fmlearlywindow
[07авг.2025 01:54:55.136] [main/INFO] [EARLYDISPLAY/]: Trying GL version 4.6
[07авг.2025 01:54:55.421] [main/INFO] [EARLYDISPLAY/]: Requested GL version 4.6 got version 4.6
[07авг.2025 01:54:55.456] [main/INFO] [optifine.OptiFineTransformationService/]: OptiFineTransformationService.onLoad
[07авг.2025 01:54:55.457] [main/INFO] [optifine.OptiFineTransformationService/]: OptiFine ZIP file URL: union:/C:/Users/Kit/MCreatorWorkspaces/modname/run/mods/OptiFine_1.20.1_HD_U_I6.jar%23193!/
[07авг.2025 01:54:55.462] [main/INFO] [optifine.OptiFineTransformationService/]: OptiFine ZIP file: C:\Users\Kit\MCreatorWorkspaces\modname\run\mods\OptiFine_1.20.1_HD_U_I6.jar
[07авг.2025 01:54:55.463] [main/INFO] [optifine.OptiFineTransformer/]: Target.PRE_CLASS is available
[07авг.2025 01:54:55.506] [main/INFO] [mixin/]: SpongePowered MIXIN Subsystem Version=0.8.5 Source=union:/C:/Users/Kit/.mcreator/gradle/caches/modules-2/files-2.1/org.spongepowered/mixin/0.8.5/9d1c0c3a304ae6697ecd477218fa61b850bf57fc/mixin-0.8.5.jar%23128!/ Service=ModLauncher Env=CLIENT
[07авг.2025 01:54:55.514] [main/INFO] [optifine.OptiFineTransformationService/]: OptiFineTransformationService.initialize
[07авг.2025 01:54:55.520] [pool-2-thread-1/INFO] [EARLYDISPLAY/]: GL info: NVIDIA GeForce RTX 4070 SUPER/PCIe/SSE2 GL version 4.6.0 NVIDIA 572.70, NVIDIA Corporation
[07авг.2025 01:54:55.779] [main/WARN] [net.minecraftforge.fml.loading.moddiscovery.ModFileParser/LOADING]: Mod file C:\Users\Kit\.mcreator\gradle\caches\modules-2\files-2.1\net.minecraftforge\javafmllanguage\1.20.1-47.2.0\7f9181f85acc66547685a72020713fc8cbde98\javafmllanguage-1.20.1-47.2.0.jar is missing mods.toml file
[07авг.2025 01:54:55.781] [main/WARN] [net.minecraftforge.fml.loading.moddiscovery.ModFileParser/LOADING]: Mod file C:\Users\Kit\.mcreator\gradle\caches\modules-2\files-2.1\net.minecraftforge\lowcodelanguage\1.20.1-47.2.0\7872f5205685fdd26fae39b1be79b0e60ca5b7bd\lowcodelanguage-1.20.1-47.2.0.jar is missing mods.toml file
[07авг.2025 01:54:55.784] [main/WARN] [net.minecraftforge.fml.loading.moddiscovery.ModFileParser/LOADING]: Mod file C:\Users\Kit\.mcreator\gradle\caches\modules-2\files-2.1\net.minecraftforge\mclanguage\1.20.1-47.2.0\d501d161cabed08b3c139a2c6217b02a39f3c3e9\mclanguage-1.20.1-47.2.0.jar is missing mods.toml file
[07авг.2025 01:54:55.786] [main/WARN] [net.minecraftforge.fml.loading.moddiscovery.ModFileParser/LOADING]: Mod file C:\Users\Kit\.mcreator\gradle\caches\modules-2\files-2.1\net.minecraftforge\fmlcore\1.20.1-47.2.0\ffd3c6debac0a388c9e33ac43c9f5eafb91cb466\fmlcore-1.20.1-47.2.0.jar is missing mods.toml file
[07авг.2025 01:54:55.930] [main/INFO] [net.minecraftforge.fml.loading.moddiscovery.JarInJarDependencyLocator/]: Found 6 dependencies adding them to mods collection
[07авг.2025 01:54:56.330] [main/INFO] [optifine.OptiFineTransformationService/]: OptiFineTransformationService.transformers
[07авг.2025 01:54:56.349] [main/INFO] [optifine.OptiFineTransformer/]: Targets: 412
[07авг.2025 01:54:56.720] [main/INFO] [optifine.OptiFineTransformationService/]: additionalClassesLocator: [optifine., net.optifine.]
[07авг.2025 01:54:57.773] [main/INFO] [mixin/]: Compatibility level set to JAVA_17
[07авг.2025 01:54:57.780] [main/INFO] [cpw.mods.modlauncher.LaunchServiceHandler/MODLAUNCHER]: Launching target 'forgeclientuserdev' with arguments [--version, MOD_DEV, --gameDir, ., --assetsDir, C:\Users\Kit\.mcreator\gradle\caches\forge_gradle\assets, --assetIndex, 5]
[07авг.2025 01:54:58.079] [main/INFO] [mixin/]: Remapping refMap emissive-plugin-common-refmap.json using C:\Users\Kit\MCreatorWorkspaces\modname/build/createSrgToMcp/output.srg
[07авг.2025 01:54:58.080] [main/INFO] [mixin/]: Remapping refMap emissive-plugin-forge-refmap.json using C:\Users\Kit\MCreatorWorkspaces\modname/build/createSrgToMcp/output.srg
[07авг.2025 01:54:58.081] [main/INFO] [mixin/]: Remapping refMap moremcmeta-common-refmap.json using C:\Users\Kit\MCreatorWorkspaces\modname/build/createSrgToMcp/output.srg
[07авг.2025 01:54:58.082] [main/INFO] [mixin/]: Remapping refMap curios.refmap.json using C:\Users\Kit\MCreatorWorkspaces\modname/build/createSrgToMcp/output.srg
[07авг.2025 01:54:58.082] [main/INFO] [mixin/]: Remapping refMap geckolib.refmap.json using C:\Users\Kit\MCreatorWorkspaces\modname/build/createSrgToMcp/output.srg
[07авг.2025 01:54:58.189] [main/WARN] [mixin/]: Error loading class: me/jellysquid/mods/sodium/client/render/texture/SpriteUtil (java.lang.ClassNotFoundException: me.jellysquid.mods.sodium.client.render.texture.SpriteUtil)
[07авг.2025 01:54:58.189] [main/WARN] [mixin/]: @Mixin target me.jellysquid.mods.sodium.client.render.texture.SpriteUtil was not found moremcmeta-common.mixins.json:SodiumSpriteUtilMixin
[07авг.2025 01:54:58.296] [main/FATAL] [mixin/]: Mixin apply failed moremcmeta-common.mixins.json:AbstractTextureMixin -> net.minecraft.client.renderer.texture.AbstractTexture: org.spongepowered.asm.mixin.transformer.throwables.InvalidMixinException @Shadow field f_117950_ was not located in the target class net.minecraft.client.renderer.texture.AbstractTexture. Using refmap moremcmeta-common-refmap.json
org.spongepowered.asm.mixin.transformer.throwables.InvalidMixinException: @Shadow field f_117950_ was not located in the target class net.minecraft.client.renderer.texture.AbstractTexture. Using refmap moremcmeta-common-refmap.json
	at org.spongepowered.asm.mixin.transformer.MixinPreProcessorStandard.attachFields(MixinPreProcessorStandard.java:629) ~[mixin-0.8.5.jar:0.8.5+Jenkins-b310.git-155314e6e91465dad727e621a569906a410cd6f4]
	at org.spongepowered.asm.mixin.transformer.MixinPreProcessorStandard.attach(MixinPreProcessorStandard.java:305) ~[mixin-0.8.5.jar:0.8.5+Jenkins-b310.git-155314e6e91465dad727e621a569906a410cd6f4]
	at org.spongepowered.asm.mixin.transformer.MixinPreProcessorStandard.createContextFor(MixinPreProcessorStandard.java:280) ~[mixin-0.8.5.jar:0.8.5+Jenkins-b310.git-155314e6e91465dad727e621a569906a410cd6f4]
	at org.spongepowered.asm.mixin.transformer.MixinInfo.createContextFor(MixinInfo.java:1288) ~[mixin-0.8.5.jar:0.8.5+Jenkins-b310.git-155314e6e91465dad727e621a569906a410cd6f4]
	at org.spongepowered.asm.mixin.transformer.MixinApplicatorStandard.apply(MixinApplicatorStandard.java:292) ~[mixin-0.8.5.jar:0.8.5+Jenkins-b310.git-155314e6e91465dad727e621a569906a410cd6f4]
	at org.spongepowered.asm.mixin.transformer.TargetClassContext.apply(TargetClassContext.java:383) ~[mixin-0.8.5.jar:0.8.5+Jenkins-b310.git-155314e6e91465dad727e621a569906a410cd6f4]
	at org.spongepowered.asm.mixin.transformer.TargetClassContext.applyMixins(TargetClassContext.java:365) ~[mixin-0.8.5.jar:0.8.5+Jenkins-b310.git-155314e6e91465dad727e621a569906a410cd6f4]
	at org.spongepowered.asm.mixin.transformer.MixinProcessor.applyMixins(MixinProcessor.java:363) ~[mixin-0.8.5.jar:0.8.5+Jenkins-b310.git-155314e6e91465dad727e621a569906a410cd6f4]
	at org.spongepowered.asm.mixin.transformer.MixinTransformer.transformClass(MixinTransformer.java:250) ~[mixin-0.8.5.jar:0.8.5+Jenkins-b310.git-155314e6e91465dad727e621a569906a410cd6f4]
	at org.spongepowered.asm.service.modlauncher.MixinTransformationHandler.processClass(MixinTransformationHandler.java:131) ~[mixin-0.8.5.jar:0.8.5+Jenkins-b310.git-155314e6e91465dad727e621a569906a410cd6f4]
	at org.spongepowered.asm.launch.MixinLaunchPluginLegacy.processClass(MixinLaunchPluginLegacy.java:131) ~[mixin-0.8.5.jar:0.8.5+Jenkins-b310.git-155314e6e91465dad727e621a569906a410cd6f4]
	at cpw.mods.modlauncher.serviceapi.ILaunchPluginService.processClassWithFlags(ILaunchPluginService.java:156) ~[modlauncher-10.0.9.jar:10.0.9+10.0.9+main.dcd20f30]
	at cpw.mods.modlauncher.LaunchPluginHandler.offerClassNodeToPlugins(LaunchPluginHandler.java:88) ~[modlauncher-10.0.9.jar:?]
	at cpw.mods.modlauncher.ClassTransformer.transform(ClassTransformer.java:120) ~[modlauncher-10.0.9.jar:?]
	at cpw.mods.modlauncher.TransformingClassLoader.maybeTransformClassBytes(TransformingClassLoader.java:50) ~[modlauncher-10.0.9.jar:?]
	at cpw.mods.cl.ModuleClassLoader.readerToClass(ModuleClassLoader.java:113) ~[securejarhandler-2.1.10.jar:?]
	at cpw.mods.cl.ModuleClassLoader.lambda$findClass$15(ModuleClassLoader.java:219) ~[securejarhandler-2.1.10.jar:?]
	at cpw.mods.cl.ModuleClassLoader.loadFromModule(ModuleClassLoader.java:229) ~[securejarhandler-2.1.10.jar:?]
	at cpw.mods.cl.ModuleClassLoader.findClass(ModuleClassLoader.java:219) ~[securejarhandler-2.1.10.jar:?]
	at cpw.mods.cl.ModuleClassLoader.loadClass(ModuleClassLoader.java:135) ~[securejarhandler-2.1.10.jar:?]
	at java.lang.ClassLoader.loadClass(ClassLoader.java:525) ~[?:?]
	at java.lang.Class.getDeclaredMethods0(Native Method) ~[?:?]
	at java.lang.Class.privateGetDeclaredMethods(Class.java:3402) ~[?:?]
	at java.lang.Class.privateGetPublicMethods(Class.java:3427) ~[?:?]
	at java.lang.Class.getMethods(Class.java:2019) ~[?:?]
	at net.minecraftforge.fml.earlydisplay.DisplayWindow.updateModuleReads(DisplayWindow.java:587) ~[fmlearlydisplay-1.20.1-47.2.0.jar:1.0]
	at net.minecraftforge.fml.loading.ImmediateWindowHandler.acceptGameLayer(ImmediateWindowHandler.java:71) ~[fmlloader-1.20.1-47.2.0.jar:1.0]
	at net.minecraftforge.fml.loading.FMLLoader.beforeStart(FMLLoader.java:207) ~[fmlloader-1.20.1-47.2.0.jar:1.0]
	at net.minecraftforge.fml.loading.targets.CommonLaunchHandler.launchService(CommonLaunchHandler.java:92) ~[fmlloader-1.20.1-47.2.0.jar:?]
	at cpw.mods.modlauncher.LaunchServiceHandlerDecorator.launch(LaunchServiceHandlerDecorator.java:30) ~[modlauncher-10.0.9.jar:?]
	at cpw.mods.modlauncher.LaunchServiceHandler.launch(LaunchServiceHandler.java:53) ~[modlauncher-10.0.9.jar:?]
	at cpw.mods.modlauncher.LaunchServiceHandler.launch(LaunchServiceHandler.java:71) ~[modlauncher-10.0.9.jar:?]
	at cpw.mods.modlauncher.Launcher.run(Launcher.java:108) ~[modlauncher-10.0.9.jar:?]
	at cpw.mods.modlauncher.Launcher.main(Launcher.java:78) ~[modlauncher-10.0.9.jar:?]
	at cpw.mods.modlauncher.BootstrapLaunchConsumer.accept(BootstrapLaunchConsumer.java:26) ~[modlauncher-10.0.9.jar:?]
	at cpw.mods.modlauncher.BootstrapLaunchConsumer.accept(BootstrapLaunchConsumer.java:23) ~[modlauncher-10.0.9.jar:?]
	at cpw.mods.bootstraplauncher.BootstrapLauncher.main(BootstrapLauncher.java:141) ~[bootstraplauncher-1.1.2.jar:?]
